<?xml version="1.0" encoding="UTF-8"?>
<coverage generated="1659383862962" clover="3.2.0">
  <project timestamp="1659383862962" name="All files">
    <metrics statements="65" coveredstatements="65" conditionals="22" coveredconditionals="22" methods="8" coveredmethods="8" elements="95" coveredelements="95" complexity="0" loc="65" ncloc="65" packages="1" files="1" classes="1"/>
    <file name="Lights.js" path="C:\Users\Patrick\DEV\2_JavaScript\2_dev_perso\35-Christmas-Lights-Kata\Lights.js">
      <metrics statements="65" coveredstatements="65" conditionals="22" coveredconditionals="22" methods="8" coveredmethods="8"/>
      <line num="1" count="1" type="stmt"/>
      <line num="2" count="1" type="cond" truecount="1" falsecount="0"/>
      <line num="3" count="1" type="stmt"/>
      <line num="4" count="1" type="stmt"/>
      <line num="5" count="1" type="cond" truecount="1" falsecount="0"/>
      <line num="6" count="1" type="stmt"/>
      <line num="7" count="1" type="stmt"/>
      <line num="8" count="1" type="stmt"/>
      <line num="9" count="1" type="cond" truecount="1" falsecount="0"/>
      <line num="10" count="24" type="stmt"/>
      <line num="11" count="24" type="cond" truecount="1" falsecount="0"/>
      <line num="12" count="24000000" type="cond" truecount="1" falsecount="0"/>
      <line num="13" count="2230199" type="stmt"/>
      <line num="14" count="2230199" type="stmt"/>
      <line num="15" count="24000000" type="stmt"/>
      <line num="16" count="24" type="stmt"/>
      <line num="17" count="24" type="stmt"/>
      <line num="18" count="1" type="cond" truecount="1" falsecount="0"/>
      <line num="19" count="20" type="cond" truecount="1" falsecount="0"/>
      <line num="20" count="20000000" type="cond" truecount="3" falsecount="0"/>
      <line num="21" count="20000000" type="cond" truecount="1" falsecount="0"/>
      <line num="22" count="1858040" type="stmt"/>
      <line num="23" count="1858040" type="cond" truecount="1" falsecount="0"/>
      <line num="24" count="1205108" type="stmt"/>
      <line num="25" count="1205108" type="stmt"/>
      <line num="26" count="1858040" type="cond" truecount="1" falsecount="0"/>
      <line num="27" count="476150" type="stmt"/>
      <line num="28" count="476150" type="stmt"/>
      <line num="29" count="1858040" type="cond" truecount="1" falsecount="0"/>
      <line num="30" count="176782" type="cond" truecount="2" falsecount="0"/>
      <line num="31" count="176782" type="stmt"/>
      <line num="32" count="1858040" type="stmt"/>
      <line num="33" count="1858040" type="stmt"/>
      <line num="34" count="20000000" type="stmt"/>
      <line num="35" count="20" type="stmt"/>
      <line num="36" count="20" type="stmt"/>
      <line num="37" count="1" type="cond" truecount="1" falsecount="0"/>
      <line num="38" count="9" type="stmt"/>
      <line num="39" count="9" type="stmt"/>
      <line num="40" count="9" type="stmt"/>
      <line num="41" count="1" type="cond" truecount="1" falsecount="0"/>
      <line num="42" count="6" type="stmt"/>
      <line num="43" count="6" type="stmt"/>
      <line num="44" count="6" type="stmt"/>
      <line num="45" count="1" type="cond" truecount="1" falsecount="0"/>
      <line num="46" count="5" type="stmt"/>
      <line num="47" count="5" type="stmt"/>
      <line num="48" count="5" type="stmt"/>
      <line num="49" count="1" type="cond" truecount="1" falsecount="0"/>
      <line num="50" count="17" type="stmt"/>
      <line num="51" count="17" type="cond" truecount="1" falsecount="0"/>
      <line num="52" count="17000" type="cond" truecount="1" falsecount="0"/>
      <line num="53" count="17000000" type="stmt"/>
      <line num="54" count="17000000" type="stmt"/>
      <line num="55" count="17000000" type="stmt"/>
      <line num="56" count="17000000" type="stmt"/>
      <line num="57" count="17000000" type="stmt"/>
      <line num="58" count="17000000" type="stmt"/>
      <line num="59" count="17000000" type="stmt"/>
      <line num="60" count="17000" type="stmt"/>
      <line num="61" count="17" type="stmt"/>
      <line num="62" count="17" type="stmt"/>
      <line num="63" count="1" type="stmt"/>
      <line num="64" count="1" type="stmt"/>
      <line num="65" count="1" type="stmt"/>
    </file>
  </project>
</coverage>
