<?xml version="1.0" encoding="UTF-8"?>
<coverage generated="1659379400000" clover="3.2.0">
  <project timestamp="1659379400000" name="All files">
    <metrics statements="68" coveredstatements="68" conditionals="21" coveredconditionals="20" methods="8" coveredmethods="8" elements="97" coveredelements="96" complexity="0" loc="68" ncloc="68" packages="1" files="1" classes="1"/>
    <file name="Lights.js" path="C:\Users\Patrick\DEV\2_JavaScript\2_dev_perso\35-Christmas-Lights-Kata\Lights.js">
      <metrics statements="68" coveredstatements="68" conditionals="21" coveredconditionals="20" methods="8" coveredmethods="8"/>
      <line num="1" count="1" type="stmt"/>
      <line num="2" count="1" type="cond" truecount="1" falsecount="0"/>
      <line num="3" count="1" type="stmt"/>
      <line num="4" count="1" type="stmt"/>
      <line num="5" count="1" type="cond" truecount="1" falsecount="0"/>
      <line num="6" count="1" type="stmt"/>
      <line num="7" count="1" type="stmt"/>
      <line num="8" count="1" type="stmt"/>
      <line num="9" count="1" type="cond" truecount="1" falsecount="0"/>
      <line num="10" count="13" type="stmt"/>
      <line num="11" count="13" type="cond" truecount="1" falsecount="0"/>
      <line num="12" count="1300" type="cond" truecount="1" falsecount="0"/>
      <line num="13" count="20" type="stmt"/>
      <line num="14" count="20" type="stmt"/>
      <line num="15" count="1300" type="stmt"/>
      <line num="16" count="13" type="stmt"/>
      <line num="17" count="13" type="stmt"/>
      <line num="18" count="13" type="stmt"/>
      <line num="19" count="1" type="cond" truecount="1" falsecount="0"/>
      <line num="20" count="10" type="cond" truecount="1" falsecount="0"/>
      <line num="21" count="1000" type="cond" truecount="3" falsecount="0"/>
      <line num="22" count="1000" type="cond" truecount="1" falsecount="0"/>
      <line num="23" count="15" type="stmt"/>
      <line num="24" count="15" type="cond" truecount="1" falsecount="0"/>
      <line num="25" count="12" type="stmt"/>
      <line num="26" count="12" type="stmt"/>
      <line num="27" count="15" type="cond" truecount="1" falsecount="0"/>
      <line num="28" count="1" type="stmt"/>
      <line num="29" count="1" type="stmt"/>
      <line num="30" count="15" type="cond" truecount="1" falsecount="0"/>
      <line num="31" count="2" type="cond" truecount="0" falsecount="1"/>
      <line num="32" count="2" type="stmt"/>
      <line num="33" count="15" type="stmt"/>
      <line num="34" count="15" type="stmt"/>
      <line num="35" count="1000" type="stmt"/>
      <line num="36" count="10" type="stmt"/>
      <line num="37" count="10" type="stmt"/>
      <line num="38" count="1" type="cond" truecount="1" falsecount="0"/>
      <line num="39" count="5" type="stmt"/>
      <line num="40" count="5" type="stmt"/>
      <line num="41" count="5" type="stmt"/>
      <line num="42" count="1" type="cond" truecount="1" falsecount="0"/>
      <line num="43" count="2" type="stmt"/>
      <line num="44" count="2" type="stmt"/>
      <line num="45" count="2" type="stmt"/>
      <line num="46" count="1" type="cond" truecount="1" falsecount="0"/>
      <line num="47" count="3" type="stmt"/>
      <line num="48" count="3" type="stmt"/>
      <line num="49" count="3" type="stmt"/>
      <line num="50" count="1" type="cond" truecount="1" falsecount="0"/>
      <line num="51" count="14" type="stmt"/>
      <line num="52" count="14" type="stmt"/>
      <line num="53" count="14" type="cond" truecount="1" falsecount="0"/>
      <line num="54" count="140" type="cond" truecount="1" falsecount="0"/>
      <line num="55" count="1400" type="stmt"/>
      <line num="56" count="1400" type="stmt"/>
      <line num="57" count="1400" type="stmt"/>
      <line num="58" count="1400" type="stmt"/>
      <line num="59" count="1400" type="stmt"/>
      <line num="60" count="1400" type="stmt"/>
      <line num="61" count="1400" type="stmt"/>
      <line num="62" count="140" type="stmt"/>
      <line num="63" count="14" type="stmt"/>
      <line num="64" count="14" type="stmt"/>
      <line num="65" count="14" type="stmt"/>
      <line num="66" count="1" type="stmt"/>
      <line num="67" count="1" type="stmt"/>
      <line num="68" count="1" type="stmt"/>
    </file>
  </project>
</coverage>
