{"C:\\Users\\Patrick\\DEV\\2_JavaScript\\2_dev_perso\\35-Christmas-Lights-Kata\\Lights.js": {"path":"C:\\Users\\Patrick\\DEV\\2_JavaScript\\2_dev_perso\\35-Christmas-Lights-Kata\\Lights.js","all":false,"statementMap":{"0":{"start":{"line":1,"column":0},"end":{"line":1,"column":14}},"1":{"start":{"line":2,"column":0},"end":{"line":2,"column":14}},"2":{"start":{"line":3,"column":0},"end":{"line":3,"column":14}},"3":{"start":{"line":4,"column":0},"end":{"line":4,"column":19}},"4":{"start":{"line":5,"column":0},"end":{"line":5,"column":39}},"5":{"start":{"line":6,"column":0},"end":{"line":6,"column":37}},"6":{"start":{"line":7,"column":0},"end":{"line":7,"column":37}},"7":{"start":{"line":8,"column":0},"end":{"line":8,"column":5}},"8":{"start":{"line":9,"column":0},"end":{"line":9,"column":14}},"9":{"start":{"line":10,"column":0},"end":{"line":10,"column":26}},"10":{"start":{"line":11,"column":0},"end":{"line":11,"column":41}},"11":{"start":{"line":12,"column":0},"end":{"line":12,"column":37}},"12":{"start":{"line":13,"column":0},"end":{"line":13,"column":28}},"13":{"start":{"line":14,"column":0},"end":{"line":14,"column":14}},"14":{"start":{"line":15,"column":0},"end":{"line":15,"column":10}},"15":{"start":{"line":16,"column":0},"end":{"line":16,"column":45}},"16":{"start":{"line":17,"column":0},"end":{"line":17,"column":25}},"17":{"start":{"line":18,"column":0},"end":{"line":18,"column":5}},"18":{"start":{"line":19,"column":0},"end":{"line":19,"column":31}},"19":{"start":{"line":20,"column":0},"end":{"line":20,"column":41}},"20":{"start":{"line":21,"column":0},"end":{"line":21,"column":45}},"21":{"start":{"line":22,"column":0},"end":{"line":22,"column":49}},"22":{"start":{"line":23,"column":0},"end":{"line":23,"column":37}},"23":{"start":{"line":24,"column":0},"end":{"line":24,"column":39}},"24":{"start":{"line":25,"column":0},"end":{"line":25,"column":46}},"25":{"start":{"line":26,"column":0},"end":{"line":26,"column":34}},"26":{"start":{"line":27,"column":0},"end":{"line":27,"column":40}},"27":{"start":{"line":28,"column":0},"end":{"line":28,"column":47}},"28":{"start":{"line":29,"column":0},"end":{"line":29,"column":34}},"29":{"start":{"line":30,"column":0},"end":{"line":30,"column":39}},"30":{"start":{"line":31,"column":0},"end":{"line":31,"column":62}},"31":{"start":{"line":32,"column":0},"end":{"line":32,"column":34}},"32":{"start":{"line":33,"column":0},"end":{"line":33,"column":21}},"33":{"start":{"line":34,"column":0},"end":{"line":34,"column":17}},"34":{"start":{"line":35,"column":0},"end":{"line":35,"column":10}},"35":{"start":{"line":36,"column":0},"end":{"line":36,"column":36}},"36":{"start":{"line":37,"column":0},"end":{"line":37,"column":5}},"37":{"start":{"line":38,"column":0},"end":{"line":38,"column":24}},"38":{"start":{"line":39,"column":0},"end":{"line":39,"column":41}},"39":{"start":{"line":40,"column":0},"end":{"line":40,"column":29}},"40":{"start":{"line":41,"column":0},"end":{"line":41,"column":5}},"41":{"start":{"line":42,"column":0},"end":{"line":42,"column":25}},"42":{"start":{"line":43,"column":0},"end":{"line":43,"column":42}},"43":{"start":{"line":44,"column":0},"end":{"line":44,"column":29}},"44":{"start":{"line":45,"column":0},"end":{"line":45,"column":5}},"45":{"start":{"line":46,"column":0},"end":{"line":46,"column":24}},"46":{"start":{"line":47,"column":0},"end":{"line":47,"column":41}},"47":{"start":{"line":48,"column":0},"end":{"line":48,"column":29}},"48":{"start":{"line":49,"column":0},"end":{"line":49,"column":5}},"49":{"start":{"line":50,"column":0},"end":{"line":50,"column":21}},"50":{"start":{"line":51,"column":0},"end":{"line":51,"column":29}},"51":{"start":{"line":52,"column":0},"end":{"line":52,"column":33}},"52":{"start":{"line":53,"column":0},"end":{"line":53,"column":44}},"53":{"start":{"line":54,"column":0},"end":{"line":54,"column":52}},"54":{"start":{"line":55,"column":0},"end":{"line":55,"column":29}},"55":{"start":{"line":56,"column":0},"end":{"line":56,"column":26}},"56":{"start":{"line":57,"column":0},"end":{"line":57,"column":26}},"57":{"start":{"line":58,"column":0},"end":{"line":58,"column":33}},"58":{"start":{"line":59,"column":0},"end":{"line":59,"column":17}},"59":{"start":{"line":60,"column":0},"end":{"line":60,"column":41}},"60":{"start":{"line":61,"column":0},"end":{"line":61,"column":13}},"61":{"start":{"line":62,"column":0},"end":{"line":62,"column":9}},"62":{"start":{"line":63,"column":0},"end":{"line":63,"column":36}},"63":{"start":{"line":64,"column":0},"end":{"line":64,"column":30}},"64":{"start":{"line":65,"column":0},"end":{"line":65,"column":5}},"65":{"start":{"line":66,"column":0},"end":{"line":66,"column":1}},"66":{"start":{"line":67,"column":0},"end":{"line":67,"column":0}},"67":{"start":{"line":68,"column":0},"end":{"line":68,"column":24}}},"s":{"0":1,"1":1,"2":1,"3":1,"4":1,"5":1,"6":1,"7":1,"8":1,"9":13,"10":13,"11":1300,"12":20,"13":20,"14":1300,"15":13,"16":13,"17":13,"18":1,"19":10,"20":1000,"21":1000,"22":15,"23":15,"24":12,"25":12,"26":15,"27":1,"28":1,"29":15,"30":2,"31":2,"32":15,"33":15,"34":1000,"35":10,"36":10,"37":1,"38":5,"39":5,"40":5,"41":1,"42":2,"43":2,"44":2,"45":1,"46":3,"47":3,"48":3,"49":1,"50":14,"51":14,"52":14,"53":140,"54":1400,"55":1400,"56":1400,"57":1400,"58":1400,"59":1400,"60":1400,"61":140,"62":14,"63":14,"64":14,"65":1,"66":1,"67":1},"branchMap":{"0":{"type":"branch","line":2,"loc":{"start":{"line":2,"column":4},"end":{"line":4,"column":19}},"locations":[{"start":{"line":2,"column":4},"end":{"line":4,"column":19}}]},"1":{"type":"branch","line":5,"loc":{"start":{"line":5,"column":4},"end":{"line":8,"column":5}},"locations":[{"start":{"line":5,"column":4},"end":{"line":8,"column":5}}]},"2":{"type":"branch","line":9,"loc":{"start":{"line":9,"column":4},"end":{"line":18,"column":5}},"locations":[{"start":{"line":9,"column":4},"end":{"line":18,"column":5}}]},"3":{"type":"branch","line":11,"loc":{"start":{"line":11,"column":32},"end":{"line":15,"column":10}},"locations":[{"start":{"line":11,"column":32},"end":{"line":15,"column":10}}]},"4":{"type":"branch","line":12,"loc":{"start":{"line":12,"column":36},"end":{"line":14,"column":14}},"locations":[{"start":{"line":12,"column":36},"end":{"line":14,"column":14}}]},"5":{"type":"branch","line":19,"loc":{"start":{"line":19,"column":4},"end":{"line":37,"column":5}},"locations":[{"start":{"line":19,"column":4},"end":{"line":37,"column":5}}]},"6":{"type":"branch","line":20,"loc":{"start":{"line":20,"column":32},"end":{"line":35,"column":10}},"locations":[{"start":{"line":20,"column":32},"end":{"line":35,"column":10}}]},"7":{"type":"branch","line":21,"loc":{"start":{"line":21,"column":16},"end":{"line":21,"column":45}},"locations":[{"start":{"line":21,"column":16},"end":{"line":21,"column":45}}]},"8":{"type":"branch","line":21,"loc":{"start":{"line":21,"column":16},"end":{"line":22,"column":35}},"locations":[{"start":{"line":21,"column":16},"end":{"line":22,"column":35}}]},"9":{"type":"branch","line":21,"loc":{"start":{"line":21,"column":16},"end":{"line":22,"column":48}},"locations":[{"start":{"line":21,"column":16},"end":{"line":22,"column":48}}]},"10":{"type":"branch","line":22,"loc":{"start":{"line":22,"column":48},"end":{"line":34,"column":17}},"locations":[{"start":{"line":22,"column":48},"end":{"line":34,"column":17}}]},"11":{"type":"branch","line":24,"loc":{"start":{"line":24,"column":24},"end":{"line":26,"column":34}},"locations":[{"start":{"line":24,"column":24},"end":{"line":26,"column":34}}]},"12":{"type":"branch","line":27,"loc":{"start":{"line":27,"column":24},"end":{"line":29,"column":34}},"locations":[{"start":{"line":27,"column":24},"end":{"line":29,"column":34}}]},"13":{"type":"branch","line":30,"loc":{"start":{"line":30,"column":24},"end":{"line":32,"column":34}},"locations":[{"start":{"line":30,"column":24},"end":{"line":32,"column":34}}]},"14":{"type":"branch","line":31,"loc":{"start":{"line":31,"column":41},"end":{"line":31,"column":62}},"locations":[{"start":{"line":31,"column":41},"end":{"line":31,"column":62}}]},"15":{"type":"branch","line":38,"loc":{"start":{"line":38,"column":4},"end":{"line":41,"column":5}},"locations":[{"start":{"line":38,"column":4},"end":{"line":41,"column":5}}]},"16":{"type":"branch","line":42,"loc":{"start":{"line":42,"column":4},"end":{"line":45,"column":5}},"locations":[{"start":{"line":42,"column":4},"end":{"line":45,"column":5}}]},"17":{"type":"branch","line":46,"loc":{"start":{"line":46,"column":4},"end":{"line":49,"column":5}},"locations":[{"start":{"line":46,"column":4},"end":{"line":49,"column":5}}]},"18":{"type":"branch","line":50,"loc":{"start":{"line":50,"column":4},"end":{"line":65,"column":5}},"locations":[{"start":{"line":50,"column":4},"end":{"line":65,"column":5}}]},"19":{"type":"branch","line":53,"loc":{"start":{"line":53,"column":43},"end":{"line":62,"column":9}},"locations":[{"start":{"line":53,"column":43},"end":{"line":62,"column":9}}]},"20":{"type":"branch","line":54,"loc":{"start":{"line":54,"column":51},"end":{"line":61,"column":13}},"locations":[{"start":{"line":54,"column":51},"end":{"line":61,"column":13}}]}},"b":{"0":[1],"1":[1],"2":[13],"3":[1300],"4":[20],"5":[10],"6":[1000],"7":[720],"8":[90],"9":[81],"10":[15],"11":[12],"12":[1],"13":[2],"14":[0],"15":[5],"16":[2],"17":[3],"18":[14],"19":[140],"20":[1400]},"fnMap":{"0":{"name":"<instance_members_initializer>","decl":{"start":{"line":2,"column":4},"end":{"line":4,"column":19}},"loc":{"start":{"line":2,"column":4},"end":{"line":4,"column":19}},"line":2},"1":{"name":"Lights","decl":{"start":{"line":5,"column":4},"end":{"line":8,"column":5}},"loc":{"start":{"line":5,"column":4},"end":{"line":8,"column":5}},"line":5},"2":{"name":"countOn","decl":{"start":{"line":9,"column":4},"end":{"line":18,"column":5}},"loc":{"start":{"line":9,"column":4},"end":{"line":18,"column":5}},"line":9},"3":{"name":"modify","decl":{"start":{"line":19,"column":4},"end":{"line":37,"column":5}},"loc":{"start":{"line":19,"column":4},"end":{"line":37,"column":5}},"line":19},"4":{"name":"turnOn","decl":{"start":{"line":38,"column":4},"end":{"line":41,"column":5}},"loc":{"start":{"line":38,"column":4},"end":{"line":41,"column":5}},"line":38},"5":{"name":"turnOff","decl":{"start":{"line":42,"column":4},"end":{"line":45,"column":5}},"loc":{"start":{"line":42,"column":4},"end":{"line":45,"column":5}},"line":42},"6":{"name":"toggle","decl":{"start":{"line":46,"column":4},"end":{"line":49,"column":5}},"loc":{"start":{"line":46,"column":4},"end":{"line":49,"column":5}},"line":46},"7":{"name":"initArrayCoord","decl":{"start":{"line":50,"column":4},"end":{"line":65,"column":5}},"loc":{"start":{"line":50,"column":4},"end":{"line":65,"column":5}},"line":50}},"f":{"0":1,"1":1,"2":13,"3":10,"4":5,"5":2,"6":3,"7":14}}
}
