{"C:\\Users\\Patrick\\DEV\\2_JavaScript\\2_dev_perso\\35-Christmas-Lights-Kata\\Lights.js": {"path":"C:\\Users\\Patrick\\DEV\\2_JavaScript\\2_dev_perso\\35-Christmas-Lights-Kata\\Lights.js","all":false,"statementMap":{"0":{"start":{"line":1,"column":0},"end":{"line":1,"column":14}},"1":{"start":{"line":2,"column":0},"end":{"line":2,"column":14}},"2":{"start":{"line":3,"column":0},"end":{"line":3,"column":14}},"3":{"start":{"line":4,"column":0},"end":{"line":4,"column":19}},"4":{"start":{"line":5,"column":0},"end":{"line":5,"column":39}},"5":{"start":{"line":6,"column":0},"end":{"line":6,"column":37}},"6":{"start":{"line":7,"column":0},"end":{"line":7,"column":37}},"7":{"start":{"line":8,"column":0},"end":{"line":8,"column":5}},"8":{"start":{"line":9,"column":0},"end":{"line":9,"column":14}},"9":{"start":{"line":10,"column":0},"end":{"line":10,"column":26}},"10":{"start":{"line":11,"column":0},"end":{"line":11,"column":41}},"11":{"start":{"line":12,"column":0},"end":{"line":12,"column":37}},"12":{"start":{"line":13,"column":0},"end":{"line":13,"column":28}},"13":{"start":{"line":14,"column":0},"end":{"line":14,"column":14}},"14":{"start":{"line":15,"column":0},"end":{"line":15,"column":10}},"15":{"start":{"line":16,"column":0},"end":{"line":16,"column":25}},"16":{"start":{"line":17,"column":0},"end":{"line":17,"column":5}},"17":{"start":{"line":18,"column":0},"end":{"line":18,"column":31}},"18":{"start":{"line":19,"column":0},"end":{"line":19,"column":41}},"19":{"start":{"line":20,"column":0},"end":{"line":20,"column":45}},"20":{"start":{"line":21,"column":0},"end":{"line":21,"column":49}},"21":{"start":{"line":22,"column":0},"end":{"line":22,"column":37}},"22":{"start":{"line":23,"column":0},"end":{"line":23,"column":39}},"23":{"start":{"line":24,"column":0},"end":{"line":24,"column":46}},"24":{"start":{"line":25,"column":0},"end":{"line":25,"column":34}},"25":{"start":{"line":26,"column":0},"end":{"line":26,"column":40}},"26":{"start":{"line":27,"column":0},"end":{"line":27,"column":47}},"27":{"start":{"line":28,"column":0},"end":{"line":28,"column":34}},"28":{"start":{"line":29,"column":0},"end":{"line":29,"column":39}},"29":{"start":{"line":30,"column":0},"end":{"line":30,"column":68}},"30":{"start":{"line":31,"column":0},"end":{"line":31,"column":34}},"31":{"start":{"line":32,"column":0},"end":{"line":32,"column":21}},"32":{"start":{"line":33,"column":0},"end":{"line":33,"column":17}},"33":{"start":{"line":34,"column":0},"end":{"line":34,"column":10}},"34":{"start":{"line":35,"column":0},"end":{"line":35,"column":53}},"35":{"start":{"line":36,"column":0},"end":{"line":36,"column":5}},"36":{"start":{"line":37,"column":0},"end":{"line":37,"column":24}},"37":{"start":{"line":38,"column":0},"end":{"line":38,"column":41}},"38":{"start":{"line":39,"column":0},"end":{"line":39,"column":29}},"39":{"start":{"line":40,"column":0},"end":{"line":40,"column":5}},"40":{"start":{"line":41,"column":0},"end":{"line":41,"column":25}},"41":{"start":{"line":42,"column":0},"end":{"line":42,"column":42}},"42":{"start":{"line":43,"column":0},"end":{"line":43,"column":29}},"43":{"start":{"line":44,"column":0},"end":{"line":44,"column":5}},"44":{"start":{"line":45,"column":0},"end":{"line":45,"column":24}},"45":{"start":{"line":46,"column":0},"end":{"line":46,"column":41}},"46":{"start":{"line":47,"column":0},"end":{"line":47,"column":29}},"47":{"start":{"line":48,"column":0},"end":{"line":48,"column":5}},"48":{"start":{"line":49,"column":0},"end":{"line":49,"column":21}},"49":{"start":{"line":50,"column":0},"end":{"line":50,"column":29}},"50":{"start":{"line":51,"column":0},"end":{"line":51,"column":44}},"51":{"start":{"line":52,"column":0},"end":{"line":52,"column":52}},"52":{"start":{"line":53,"column":0},"end":{"line":53,"column":29}},"53":{"start":{"line":54,"column":0},"end":{"line":54,"column":26}},"54":{"start":{"line":55,"column":0},"end":{"line":55,"column":26}},"55":{"start":{"line":56,"column":0},"end":{"line":56,"column":33}},"56":{"start":{"line":57,"column":0},"end":{"line":57,"column":17}},"57":{"start":{"line":58,"column":0},"end":{"line":58,"column":41}},"58":{"start":{"line":59,"column":0},"end":{"line":59,"column":13}},"59":{"start":{"line":60,"column":0},"end":{"line":60,"column":9}},"60":{"start":{"line":61,"column":0},"end":{"line":61,"column":30}},"61":{"start":{"line":62,"column":0},"end":{"line":62,"column":5}},"62":{"start":{"line":63,"column":0},"end":{"line":63,"column":1}},"63":{"start":{"line":64,"column":0},"end":{"line":64,"column":0}},"64":{"start":{"line":65,"column":0},"end":{"line":65,"column":24}}},"s":{"0":1,"1":1,"2":1,"3":1,"4":1,"5":1,"6":1,"7":1,"8":1,"9":14,"10":14,"11":14000000,"12":1001004,"13":1001004,"14":14000000,"15":14,"16":14,"17":1,"18":11,"19":11000000,"20":11000000,"21":1001006,"22":1001006,"23":1001003,"24":1001003,"25":1001006,"26":1,"27":1,"28":1001006,"29":2,"30":2,"31":1001006,"32":1001006,"33":11000000,"34":11,"35":11,"36":1,"37":6,"38":6,"39":6,"40":1,"41":2,"42":2,"43":2,"44":1,"45":3,"46":3,"47":3,"48":1,"49":16,"50":16,"51":16000,"52":16000000,"53":16000000,"54":16000000,"55":16000000,"56":16000000,"57":16000000,"58":16000000,"59":16000,"60":16,"61":16,"62":1,"63":1,"64":1},"branchMap":{"0":{"type":"branch","line":2,"loc":{"start":{"line":2,"column":4},"end":{"line":4,"column":19}},"locations":[{"start":{"line":2,"column":4},"end":{"line":4,"column":19}}]},"1":{"type":"branch","line":5,"loc":{"start":{"line":5,"column":4},"end":{"line":8,"column":5}},"locations":[{"start":{"line":5,"column":4},"end":{"line":8,"column":5}}]},"2":{"type":"branch","line":9,"loc":{"start":{"line":9,"column":4},"end":{"line":17,"column":5}},"locations":[{"start":{"line":9,"column":4},"end":{"line":17,"column":5}}]},"3":{"type":"branch","line":11,"loc":{"start":{"line":11,"column":32},"end":{"line":15,"column":10}},"locations":[{"start":{"line":11,"column":32},"end":{"line":15,"column":10}}]},"4":{"type":"branch","line":12,"loc":{"start":{"line":12,"column":36},"end":{"line":14,"column":14}},"locations":[{"start":{"line":12,"column":36},"end":{"line":14,"column":14}}]},"5":{"type":"branch","line":18,"loc":{"start":{"line":18,"column":4},"end":{"line":36,"column":5}},"locations":[{"start":{"line":18,"column":4},"end":{"line":36,"column":5}}]},"6":{"type":"branch","line":19,"loc":{"start":{"line":19,"column":32},"end":{"line":34,"column":10}},"locations":[{"start":{"line":19,"column":32},"end":{"line":34,"column":10}}]},"7":{"type":"branch","line":20,"loc":{"start":{"line":20,"column":16},"end":{"line":20,"column":45}},"locations":[{"start":{"line":20,"column":16},"end":{"line":20,"column":45}}]},"8":{"type":"branch","line":20,"loc":{"start":{"line":20,"column":16},"end":{"line":21,"column":35}},"locations":[{"start":{"line":20,"column":16},"end":{"line":21,"column":35}}]},"9":{"type":"branch","line":20,"loc":{"start":{"line":20,"column":16},"end":{"line":21,"column":48}},"locations":[{"start":{"line":20,"column":16},"end":{"line":21,"column":48}}]},"10":{"type":"branch","line":21,"loc":{"start":{"line":21,"column":48},"end":{"line":33,"column":17}},"locations":[{"start":{"line":21,"column":48},"end":{"line":33,"column":17}}]},"11":{"type":"branch","line":23,"loc":{"start":{"line":23,"column":24},"end":{"line":25,"column":34}},"locations":[{"start":{"line":23,"column":24},"end":{"line":25,"column":34}}]},"12":{"type":"branch","line":26,"loc":{"start":{"line":26,"column":24},"end":{"line":28,"column":34}},"locations":[{"start":{"line":26,"column":24},"end":{"line":28,"column":34}}]},"13":{"type":"branch","line":29,"loc":{"start":{"line":29,"column":24},"end":{"line":31,"column":34}},"locations":[{"start":{"line":29,"column":24},"end":{"line":31,"column":34}}]},"14":{"type":"branch","line":30,"loc":{"start":{"line":30,"column":41},"end":{"line":30,"column":62}},"locations":[{"start":{"line":30,"column":41},"end":{"line":30,"column":62}}]},"15":{"type":"branch","line":30,"loc":{"start":{"line":30,"column":41},"end":{"line":30,"column":68}},"locations":[{"start":{"line":30,"column":41},"end":{"line":30,"column":68}}]},"16":{"type":"branch","line":37,"loc":{"start":{"line":37,"column":4},"end":{"line":40,"column":5}},"locations":[{"start":{"line":37,"column":4},"end":{"line":40,"column":5}}]},"17":{"type":"branch","line":41,"loc":{"start":{"line":41,"column":4},"end":{"line":44,"column":5}},"locations":[{"start":{"line":41,"column":4},"end":{"line":44,"column":5}}]},"18":{"type":"branch","line":45,"loc":{"start":{"line":45,"column":4},"end":{"line":48,"column":5}},"locations":[{"start":{"line":45,"column":4},"end":{"line":48,"column":5}}]},"19":{"type":"branch","line":49,"loc":{"start":{"line":49,"column":4},"end":{"line":62,"column":5}},"locations":[{"start":{"line":49,"column":4},"end":{"line":62,"column":5}}]},"20":{"type":"branch","line":51,"loc":{"start":{"line":51,"column":43},"end":{"line":60,"column":9}},"locations":[{"start":{"line":51,"column":43},"end":{"line":60,"column":9}}]},"21":{"type":"branch","line":52,"loc":{"start":{"line":52,"column":51},"end":{"line":59,"column":13}},"locations":[{"start":{"line":52,"column":51},"end":{"line":59,"column":13}}]}},"b":{"0":[1],"1":[1],"2":[14],"3":[14000000],"4":[1001004],"5":[11],"6":[11000000],"7":[8993000],"8":[2006000],"9":[2005994],"10":[1001006],"11":[1001003],"12":[1],"13":[2],"14":[1],"15":[1],"16":[6],"17":[2],"18":[3],"19":[16],"20":[16000],"21":[16000000]},"fnMap":{"0":{"name":"<instance_members_initializer>","decl":{"start":{"line":2,"column":4},"end":{"line":4,"column":19}},"loc":{"start":{"line":2,"column":4},"end":{"line":4,"column":19}},"line":2},"1":{"name":"Lights","decl":{"start":{"line":5,"column":4},"end":{"line":8,"column":5}},"loc":{"start":{"line":5,"column":4},"end":{"line":8,"column":5}},"line":5},"2":{"name":"countOn","decl":{"start":{"line":9,"column":4},"end":{"line":17,"column":5}},"loc":{"start":{"line":9,"column":4},"end":{"line":17,"column":5}},"line":9},"3":{"name":"modify","decl":{"start":{"line":18,"column":4},"end":{"line":36,"column":5}},"loc":{"start":{"line":18,"column":4},"end":{"line":36,"column":5}},"line":18},"4":{"name":"turnOn","decl":{"start":{"line":37,"column":4},"end":{"line":40,"column":5}},"loc":{"start":{"line":37,"column":4},"end":{"line":40,"column":5}},"line":37},"5":{"name":"turnOff","decl":{"start":{"line":41,"column":4},"end":{"line":44,"column":5}},"loc":{"start":{"line":41,"column":4},"end":{"line":44,"column":5}},"line":41},"6":{"name":"toggle","decl":{"start":{"line":45,"column":4},"end":{"line":48,"column":5}},"loc":{"start":{"line":45,"column":4},"end":{"line":48,"column":5}},"line":45},"7":{"name":"initArrayCoord","decl":{"start":{"line":49,"column":4},"end":{"line":62,"column":5}},"loc":{"start":{"line":49,"column":4},"end":{"line":62,"column":5}},"line":49}},"f":{"0":1,"1":1,"2":14,"3":11,"4":6,"5":2,"6":3,"7":16}}
}
