TN:
SF:Lights.js
FN:2,<instance_members_initializer>
FN:5,Lights
FN:9,countOn
FN:19,modify
FN:38,turnOn
FN:42,turnOff
FN:46,toggle
FN:50,initArrayCoord
FNF:8
FNH:8
FNDA:1,<instance_members_initializer>
FNDA:1,Lights
FNDA:13,countOn
FNDA:10,modify
FNDA:5,turnOn
FNDA:2,turnOff
FNDA:3,toggle
FNDA:14,initArrayCoord
DA:1,1
DA:2,1
DA:3,1
DA:4,1
DA:5,1
DA:6,1
DA:7,1
DA:8,1
DA:9,1
DA:10,13
DA:11,13
DA:12,1300
DA:13,20
DA:14,20
DA:15,1300
DA:16,13
DA:17,13
DA:18,13
DA:19,1
DA:20,10
DA:21,1000
DA:22,1000
DA:23,15
DA:24,15
DA:25,12
DA:26,12
DA:27,15
DA:28,1
DA:29,1
DA:30,15
DA:31,2
DA:32,2
DA:33,15
DA:34,15
DA:35,1000
DA:36,10
DA:37,10
DA:38,1
DA:39,5
DA:40,5
DA:41,5
DA:42,1
DA:43,2
DA:44,2
DA:45,2
DA:46,1
DA:47,3
DA:48,3
DA:49,3
DA:50,1
DA:51,14
DA:52,14
DA:53,14
DA:54,140
DA:55,1400
DA:56,1400
DA:57,1400
DA:58,1400
DA:59,1400
DA:60,1400
DA:61,1400
DA:62,140
DA:63,14
DA:64,14
DA:65,14
DA:66,1
DA:67,1
DA:68,1
LF:68
LH:68
BRDA:2,0,0,1
BRDA:5,1,0,1
BRDA:9,2,0,13
BRDA:11,3,0,1300
BRDA:12,4,0,20
BRDA:19,5,0,10
BRDA:20,6,0,1000
BRDA:21,7,0,720
BRDA:21,8,0,90
BRDA:21,9,0,81
BRDA:22,10,0,15
BRDA:24,11,0,12
BRDA:27,12,0,1
BRDA:30,13,0,2
BRDA:31,14,0,0
BRDA:38,15,0,5
BRDA:42,16,0,2
BRDA:46,17,0,3
BRDA:50,18,0,14
BRDA:53,19,0,140
BRDA:54,20,0,1400
BRF:21
BRH:20
end_of_record
