TN:
SF:Lights.js
FN:2,<instance_members_initializer>
FN:5,Lights
FN:9,countOn
FN:18,modify
FN:37,turnOn
FN:41,turnOff
FN:45,toggle
FN:49,initArrayCoord
FNF:8
FNH:8
FNDA:1,<instance_members_initializer>
FNDA:1,Lights
FNDA:24,countOn
FNDA:20,modify
FNDA:9,turnOn
FNDA:6,turnOff
FNDA:5,toggle
FNDA:17,initArrayCoord
DA:1,1
DA:2,1
DA:3,1
DA:4,1
DA:5,1
DA:6,1
DA:7,1
DA:8,1
DA:9,1
DA:10,24
DA:11,24
DA:12,24000000
DA:13,2230199
DA:14,2230199
DA:15,24000000
DA:16,24
DA:17,24
DA:18,1
DA:19,20
DA:20,20000000
DA:21,20000000
DA:22,1858040
DA:23,1858040
DA:24,1205108
DA:25,1205108
DA:26,1858040
DA:27,476150
DA:28,476150
DA:29,1858040
DA:30,176782
DA:31,176782
DA:32,1858040
DA:33,1858040
DA:34,20000000
DA:35,20
DA:36,20
DA:37,1
DA:38,9
DA:39,9
DA:40,9
DA:41,1
DA:42,6
DA:43,6
DA:44,6
DA:45,1
DA:46,5
DA:47,5
DA:48,5
DA:49,1
DA:50,17
DA:51,17
DA:52,17000
DA:53,17000000
DA:54,17000000
DA:55,17000000
DA:56,17000000
DA:57,17000000
DA:58,17000000
DA:59,17000000
DA:60,17000
DA:61,17
DA:62,17
DA:63,1
DA:64,1
DA:65,1
LF:65
LH:65
BRDA:2,0,0,1
BRDA:5,1,0,1
BRDA:9,2,0,24
BRDA:11,3,0,24000000
BRDA:12,4,0,2230199
BRDA:18,5,0,20
BRDA:19,6,0,20000000
BRDA:20,7,0,13395000
BRDA:20,8,0,4385000
BRDA:20,9,0,3490097
BRDA:21,10,0,1858040
BRDA:23,11,0,1205108
BRDA:26,12,0,476150
BRDA:29,13,0,176782
BRDA:30,14,0,66380
BRDA:30,15,0,110402
BRDA:37,16,0,9
BRDA:41,17,0,6
BRDA:45,18,0,5
BRDA:49,19,0,17
BRDA:51,20,0,17000
BRDA:52,21,0,17000000
BRF:22
BRH:22
end_of_record
